# JRE version: OpenJDK Runtime Environment AdoptOpenJDK (11.0.10+9) (build 11.0.10+9)
# Java VM: OpenJDK 64-Bit Server VM AdoptOpenJDK (11.0.10+9, mixed mode, tiered, compressed oops, parallel gc, bsd-amd64)
Heap:
 PSYoungGen      total 24064K, used 7K [0x00000007eab00000, 0x00000007ec480000, 0x0000000800000000)
  eden space 22016K, 0% used [0x00000007eab00000,0x00000007eab01c90,0x00000007ec080000)
  from space 2048K, 0% used [0x00000007ec100000,0x00000007ec100000,0x00000007ec300000)
  to   space 1024K, 0% used [0x00000007ec380000,0x00000007ec380000,0x00000007ec480000)
 ParOldGen       total 68608K, used 24704K [0x00000007c0000000, 0x00000007c4300000, 0x00000007eab00000)
  object space 68608K, 36% used [0x00000007c0000000,0x00000007c1820360,0x00000007c4300000)
 Metaspace       used 33472K, capacity 35373K, committed 35672K, reserved 1081344K
  class space    used 3110K, capacity 3665K, committed 3712K, reserved 1048576K
GC Heap History (20 events):
Event: 4.228 GC heap before
{Heap before GC invocations=8 (full 1):
 PSYoungGen      total 26624K, used 26617K [0x00000007eab00000, 0x00000007eca00000, 0x0000000800000000)
  eden space 24064K, 100% used [0x00000007eab00000,0x00000007ec280000,0x00000007ec280000)
  from space 2560K, 99% used [0x00000007ec600000,0x00000007ec87e4c8,0x00000007ec880000)
  to   space 3584K, 0% used [0x00000007ec280000,0x00000007ec280000,0x00000007ec600000)
 ParOldGen       total 68608K, used 6389K [0x00000007c0000000, 0x00000007c4300000, 0x00000007eab00000)
  object space 68608K, 9% used [0x00000007c0000000,0x00000007c063d678,0x00000007c4300000)
 Metaspace       used 30208K, capacity 32088K, committed 32256K, reserved 1077248K
  class space    used 2890K, capacity 3511K, committed 3584K, reserved 1048576K
}
Event: 4.230 GC heap after
{Heap after GC invocations=8 (full 1):
 PSYoungGen      total 27136K, used 3570K [0x00000007eab00000, 0x00000007ecb00000, 0x0000000800000000)
  eden space 23552K, 0% used [0x00000007eab00000,0x00000007eab00000,0x00000007ec200000)
  from space 3584K, 99% used [0x00000007ec280000,0x00000007ec5fc900,0x00000007ec600000)
  to   space 4608K, 0% used [0x00000007ec680000,0x00000007ec680000,0x00000007ecb00000)
 ParOldGen       total 68608K, used 7021K [0x00000007c0000000, 0x00000007c4300000, 0x00000007eab00000)
  object space 68608K, 10% used [0x00000007c0000000,0x00000007c06db698,0x00000007c4300000)
 Metaspace       used 30208K, capacity 32088K, committed 32256K, reserved 1077248K
  class space    used 2890K, capacity 3511K, committed 3584K, reserved 1048576K
}
Event: 4.339 GC heap before
{Heap before GC invocations=9 (full 1):
 PSYoungGen      total 27136K, used 27122K [0x00000007eab00000, 0x00000007ecb00000, 0x0000000800000000)
  eden space 23552K, 100% used [0x00000007eab00000,0x00000007ec200000,0x00000007ec200000)
  from space 3584K, 99% used [0x00000007ec280000,0x00000007ec5fc900,0x00000007ec600000)
  to   space 4608K, 0% used [0x00000007ec680000,0x00000007ec680000,0x00000007ecb00000)
 ParOldGen       total 68608K, used 7021K [0x00000007c0000000, 0x00000007c4300000, 0x00000007eab00000)
  object space 68608K, 10% used [0x00000007c0000000,0x00000007c06db698,0x00000007c4300000)
 Metaspace       used 30371K, capacity 32243K, committed 32512K, reserved 1079296K
  class space    used 2906K, capacity 3520K, committed 3584K, reserved 1048576K
}
Event: 4.344 GC heap after
{Heap after GC invocations=9 (full 1):
 PSYoungGen      total 26624K, used 4588K [0x00000007eab00000, 0x00000007ecd80000, 0x0000000800000000)
  eden space 22016K, 0% used [0x00000007eab00000,0x00000007eab00000,0x00000007ec080000)
  from space 4608K, 99% used [0x00000007ec680000,0x00000007ecafb1e8,0x00000007ecb00000)
  to   space 6144K, 0% used [0x00000007ec080000,0x00000007ec080000,0x00000007ec680000)
 ParOldGen       total 68608K, used 8171K [0x00000007c0000000, 0x00000007c4300000, 0x00000007eab00000)
  object space 68608K, 11% used [0x00000007c0000000,0x00000007c07faf08,0x00000007c4300000)
 Metaspace       used 30371K, capacity 32243K, committed 32512K, reserved 1079296K
  class space    used 2906K, capacity 3520K, committed 3584K, reserved 1048576K
}
Event: 4.411 GC heap before
{Heap before GC invocations=10 (full 1):
 PSYoungGen      total 26624K, used 26604K [0x00000007eab00000, 0x00000007ecd80000, 0x0000000800000000)
  eden space 22016K, 100% used [0x00000007eab00000,0x00000007ec080000,0x00000007ec080000)
  from space 4608K, 99% used [0x00000007ec680000,0x00000007ecafb1e8,0x00000007ecb00000)
  to   space 6144K, 0% used [0x00000007ec080000,0x00000007ec080000,0x00000007ec680000)
 ParOldGen       total 68608K, used 8171K [0x00000007c0000000, 0x00000007c4300000, 0x00000007eab00000)
  object space 68608K, 11% used [0x00000007c0000000,0x00000007c07faf08,0x00000007c4300000)
 Metaspace       used 30387K, capacity 32307K, committed 32512K, reserved 1079296K
  class space    used 2906K, capacity 3520K, committed 3584K, reserved 1048576K
}
Event: 4.414 GC heap after
{Heap after GC invocations=10 (full 1):
 PSYoungGen      total 27136K, used 4754K [0x00000007eab00000, 0x00000007eca80000, 0x0000000800000000)
  eden space 22016K, 0% used [0x00000007eab00000,0x00000007eab00000,0x00000007ec080000)
  from space 5120K, 92% used [0x00000007ec080000,0x00000007ec524b28,0x00000007ec580000)
  to   space 5120K, 0% used [0x00000007ec580000,0x00000007ec580000,0x00000007eca80000)
 ParOldGen       total 68608K, used 10156K [0x00000007c0000000, 0x00000007c4300000, 0x00000007eab00000)
  object space 68608K, 14% used [0x00000007c0000000,0x00000007c09eb208,0x00000007c4300000)
 Metaspace       used 30387K, capacity 32307K, committed 32512K, reserved 1079296K
  class space    used 2906K, capacity 3520K, committed 3584K, reserved 1048576K
}
Event: 4.486 GC heap before
{Heap before GC invocations=11 (full 1):
 PSYoungGen      total 27136K, used 26770K [0x00000007eab00000, 0x00000007eca80000, 0x0000000800000000)
  eden space 22016K, 100% used [0x00000007eab00000,0x00000007ec080000,0x00000007ec080000)
  from space 5120K, 92% used [0x00000007ec080000,0x00000007ec524b28,0x00000007ec580000)
  to   space 5120K, 0% used [0x00000007ec580000,0x00000007ec580000,0x00000007eca80000)
 ParOldGen       total 68608K, used 10156K [0x00000007c0000000, 0x00000007c4300000, 0x00000007eab00000)
  object space 68608K, 14% used [0x00000007c0000000,0x00000007c09eb208,0x00000007c4300000)
 Metaspace       used 30553K, capacity 32467K, committed 32768K, reserved 1079296K
  class space    used 2919K, capacity 3552K, committed 3584K, reserved 1048576K
}
Event: 4.490 GC heap after
{Heap after GC invocations=11 (full 1):
 PSYoungGen      total 27136K, used 4640K [0x00000007eab00000, 0x00000007eca80000, 0x0000000800000000)
  eden space 22016K, 0% used [0x00000007eab00000,0x00000007eab00000,0x00000007ec080000)
  from space 5120K, 90% used [0x00000007ec580000,0x00000007eca08020,0x00000007eca80000)
  to   space 5120K, 0% used [0x00000007ec080000,0x00000007ec080000,0x00000007ec580000)
 ParOldGen       total 68608K, used 12725K [0x00000007c0000000, 0x00000007c4300000, 0x00000007eab00000)
  object space 68608K, 18% used [0x00000007c0000000,0x00000007c0c6d488,0x00000007c4300000)
 Metaspace       used 30553K, capacity 32467K, committed 32768K, reserved 1079296K
  class space    used 2919K, capacity 3552K, committed 3584K, reserved 1048576K
}
Event: 4.540 GC heap before
{Heap before GC invocations=12 (full 1):
 PSYoungGen      total 27136K, used 26656K [0x00000007eab00000, 0x00000007eca80000, 0x0000000800000000)
  eden space 22016K, 100% used [0x00000007eab00000,0x00000007ec080000,0x00000007ec080000)
  from space 5120K, 90% used [0x00000007ec580000,0x00000007eca08020,0x00000007eca80000)
  to   space 5120K, 0% used [0x00000007ec080000,0x00000007ec080000,0x00000007ec580000)
 ParOldGen       total 68608K, used 12725K [0x00000007c0000000, 0x00000007c4300000, 0x00000007eab00000)
  object space 68608K, 18% used [0x00000007c0000000,0x00000007c0c6d488,0x00000007c4300000)
 Metaspace       used 30555K, capacity 32467K, committed 32768K, reserved 1079296K
  class space    used 2919K, capacity 3552K, committed 3584K, reserved 1048576K
}
Event: 4.544 GC heap after
{Heap after GC invocations=12 (full 1):
 PSYoungGen      total 25088K, used 2624K [0x00000007eab00000, 0x00000007ec780000, 0x0000000800000000)
  eden space 22016K, 0% used [0x00000007eab00000,0x00000007eab00000,0x00000007ec080000)
  from space 3072K, 85% used [0x00000007ec080000,0x00000007ec310010,0x00000007ec380000)
  to   space 3584K, 0% used [0x00000007ec400000,0x00000007ec400000,0x00000007ec780000)
 ParOldGen       total 68608K, used 17112K [0x00000007c0000000, 0x00000007c4300000, 0x00000007eab00000)
  object space 68608K, 24% used [0x00000007c0000000,0x00000007c10b6050,0x00000007c4300000)
 Metaspace       used 30555K, capacity 32467K, committed 32768K, reserved 1079296K
  class space    used 2919K, capacity 3552K, committed 3584K, reserved 1048576K
}
Event: 4.587 GC heap before
{Heap before GC invocations=13 (full 1):
 PSYoungGen      total 25088K, used 24640K [0x00000007eab00000, 0x00000007ec780000, 0x0000000800000000)
  eden space 22016K, 100% used [0x00000007eab00000,0x00000007ec080000,0x00000007ec080000)
  from space 3072K, 85% used [0x00000007ec080000,0x00000007ec310010,0x00000007ec380000)
  to   space 3584K, 0% used [0x00000007ec400000,0x00000007ec400000,0x00000007ec780000)
 ParOldGen       total 68608K, used 17112K [0x00000007c0000000, 0x00000007c4300000, 0x00000007eab00000)
  object space 68608K, 24% used [0x00000007c0000000,0x00000007c10b6050,0x00000007c4300000)
 Metaspace       used 30558K, capacity 32467K, committed 32768K, reserved 1079296K
  class space    used 2919K, capacity 3552K, committed 3584K, reserved 1048576K
}
Event: 4.589 GC heap after
{Heap after GC invocations=13 (full 1):
 PSYoungGen      total 24576K, used 2400K [0x00000007eab00000, 0x00000007ec680000, 0x0000000800000000)
  eden space 22016K, 0% used [0x00000007eab00000,0x00000007eab00000,0x00000007ec080000)
  from space 2560K, 93% used [0x00000007ec400000,0x00000007ec658000,0x00000007ec680000)
  to   space 3072K, 0% used [0x00000007ec080000,0x00000007ec080000,0x00000007ec380000)
 ParOldGen       total 68608K, used 19584K [0x00000007c0000000, 0x00000007c4300000, 0x00000007eab00000)
  object space 68608K, 28% used [0x00000007c0000000,0x00000007c1320060,0x00000007c4300000)
 Metaspace       used 30558K, capacity 32467K, committed 32768K, reserved 1079296K
  class space    used 2919K, capacity 3552K, committed 3584K, reserved 1048576K
}
Event: 4.815 GC heap before
{Heap before GC invocations=14 (full 1):
 PSYoungGen      total 24576K, used 24416K [0x00000007eab00000, 0x00000007ec680000, 0x0000000800000000)
  eden space 22016K, 100% used [0x00000007eab00000,0x00000007ec080000,0x00000007ec080000)
  from space 2560K, 93% used [0x00000007ec400000,0x00000007ec658000,0x00000007ec680000)
  to   space 3072K, 0% used [0x00000007ec080000,0x00000007ec080000,0x00000007ec380000)
 ParOldGen       total 68608K, used 19584K [0x00000007c0000000, 0x00000007c4300000, 0x00000007eab00000)
  object space 68608K, 28% used [0x00000007c0000000,0x00000007c1320060,0x00000007c4300000)
 Metaspace       used 31322K, capacity 33222K, committed 33536K, reserved 1079296K
  class space    used 2980K, capacity 3568K, committed 3584K, reserved 1048576K
}
Event: 4.819 GC heap after
{Heap after GC invocations=14 (full 1):
 PSYoungGen      total 25088K, used 3012K [0x00000007eab00000, 0x00000007ec780000, 0x0000000800000000)
  eden space 22016K, 0% used [0x00000007eab00000,0x00000007eab00000,0x00000007ec080000)
  from space 3072K, 98% used [0x00000007ec080000,0x00000007ec3712d0,0x00000007ec380000)
  to   space 3584K, 0% used [0x00000007ec400000,0x00000007ec400000,0x00000007ec780000)
 ParOldGen       total 68608K, used 21870K [0x00000007c0000000, 0x00000007c4300000, 0x00000007eab00000)
  object space 68608K, 31% used [0x00000007c0000000,0x00000007c155b8e0,0x00000007c4300000)
 Metaspace       used 31322K, capacity 33222K, committed 33536K, reserved 1079296K
  class space    used 2980K, capacity 3568K, committed 3584K, reserved 1048576K
}
Event: 5.063 GC heap before
{Heap before GC invocations=15 (full 1):
 PSYoungGen      total 25088K, used 25028K [0x00000007eab00000, 0x00000007ec780000, 0x0000000800000000)
  eden space 22016K, 100% used [0x00000007eab00000,0x00000007ec080000,0x00000007ec080000)
  from space 3072K, 98% used [0x00000007ec080000,0x00000007ec3712d0,0x00000007ec380000)
  to   space 3584K, 0% used [0x00000007ec400000,0x00000007ec400000,0x00000007ec780000)
 ParOldGen       total 68608K, used 21870K [0x00000007c0000000, 0x00000007c4300000, 0x00000007eab00000)
  object space 68608K, 31% used [0x00000007c0000000,0x00000007c155b8e0,0x00000007c4300000)
 Metaspace       used 32934K, capacity 34861K, committed 35200K, reserved 1081344K
  class space    used 3080K, capacity 3665K, committed 3712K, reserved 1048576K
}
Event: 5.065 GC heap after
{Heap after GC invocations=15 (full 1):
 PSYoungGen      total 23040K, used 826K [0x00000007eab00000, 0x00000007ec500000, 0x0000000800000000)
  eden space 22016K, 0% used [0x00000007eab00000,0x00000007eab00000,0x00000007ec080000)
  from space 1024K, 80% used [0x00000007ec400000,0x00000007ec4ceb30,0x00000007ec500000)
  to   space 2048K, 0% used [0x00000007ec100000,0x00000007ec100000,0x00000007ec300000)
 ParOldGen       total 68608K, used 24748K [0x00000007c0000000, 0x00000007c4300000, 0x00000007eab00000)
  object space 68608K, 36% used [0x00000007c0000000,0x00000007c182b080,0x00000007c4300000)
 Metaspace       used 32934K, capacity 34861K, committed 35200K, reserved 1081344K
  class space    used 3080K, capacity 3665K, committed 3712K, reserved 1048576K
}
Event: 5.202 GC heap before
{Heap before GC invocations=16 (full 1):
 PSYoungGen      total 23040K, used 2346K [0x00000007eab00000, 0x00000007ec500000, 0x0000000800000000)
  eden space 22016K, 6% used [0x00000007eab00000,0x00000007eac7bf88,0x00000007ec080000)
  from space 1024K, 80% used [0x00000007ec400000,0x00000007ec4ceb30,0x00000007ec500000)
  to   space 2048K, 0% used [0x00000007ec100000,0x00000007ec100000,0x00000007ec300000)
 ParOldGen       total 68608K, used 24748K [0x00000007c0000000, 0x00000007c4300000, 0x00000007eab00000)
  object space 68608K, 36% used [0x00000007c0000000,0x00000007c182b080,0x00000007c4300000)
 Metaspace       used 33293K, capacity 35181K, committed 35416K, reserved 1081344K
  class space    used 3108K, capacity 3665K, committed 3712K, reserved 1048576K
}
Event: 5.205 GC heap after
{Heap after GC invocations=16 (full 1):
 PSYoungGen      total 24064K, used 256K [0x00000007eab00000, 0x00000007ec480000, 0x0000000800000000)
  eden space 22016K, 0% used [0x00000007eab00000,0x00000007eab00000,0x00000007ec080000)
  from space 2048K, 12% used [0x00000007ec100000,0x00000007ec140000,0x00000007ec300000)
  to   space 1024K, 0% used [0x00000007ec380000,0x00000007ec380000,0x00000007ec480000)
 ParOldGen       total 68608K, used 25385K [0x00000007c0000000, 0x00000007c4300000, 0x00000007eab00000)
  object space 68608K, 37% used [0x00000007c0000000,0x00000007c18ca498,0x00000007c4300000)
 Metaspace       used 33293K, capacity 35181K, committed 35416K, reserved 1081344K
  class space    used 3108K, capacity 3665K, committed 3712K, reserved 1048576K
}
Event: 5.205 GC heap before
{Heap before GC invocations=17 (full 2):
 PSYoungGen      total 24064K, used 256K [0x00000007eab00000, 0x00000007ec480000, 0x0000000800000000)
  eden space 22016K, 0% used [0x00000007eab00000,0x00000007eab00000,0x00000007ec080000)
  from space 2048K, 12% used [0x00000007ec100000,0x00000007ec140000,0x00000007ec300000)
  to   space 1024K, 0% used [0x00000007ec380000,0x00000007ec380000,0x00000007ec480000)
 ParOldGen       total 68608K, used 25385K [0x00000007c0000000, 0x00000007c4300000, 0x00000007eab00000)
  object space 68608K, 37% used [0x00000007c0000000,0x00000007c18ca498,0x00000007c4300000)
 Metaspace       used 33293K, capacity 35181K, committed 35416K, reserved 1081344K
  class space    used 3108K, capacity 3665K, committed 3712K, reserved 1048576K
}
Event: 5.344 GC heap after
{Heap after GC invocations=17 (full 2):
 PSYoungGen      total 24064K, used 0K [0x00000007eab00000, 0x00000007ec480000, 0x0000000800000000)
  eden space 22016K, 0% used [0x00000007eab00000,0x00000007eab00000,0x00000007ec080000)
  from space 2048K, 0% used [0x00000007ec100000,0x00000007ec100000,0x00000007ec300000)
  to   space 1024K, 0% used [0x00000007ec380000,0x00000007ec380000,0x00000007ec480000)
 ParOldGen       total 68608K, used 24704K [0x00000007c0000000, 0x00000007c4300000, 0x00000007eab00000)
  object space 68608K, 36% used [0x00000007c0000000,0x00000007c1820360,0x00000007c4300000)
 Metaspace       used 33293K, capacity 35181K, committed 35416K, reserved 1081344K
  class space    used 3108K, capacity 3665K, committed 3712K, reserved 1048576K
}

